  NavManager.cpp
  MouseState.cpp
c:\users\s171669\documents\github\ai\ai demo\mousestate.h(21): error C2039: 'function': is not a member of 'std'
  c:\program files (x86)\windows kits\10\include\10.0.10240.0\ucrt\stddef.h(18): note: see declaration of 'std'
c:\users\s171669\documents\github\ai\ai demo\mousestate.h(21): error C2061: syntax error: identifier 'function'
c:\users\s171669\documents\github\ai\ai demo\mousestate.h(29): error C2039: 'function': is not a member of 'std'
  c:\program files (x86)\windows kits\10\include\10.0.10240.0\ucrt\stddef.h(18): note: see declaration of 'std'
c:\users\s171669\documents\github\ai\ai demo\mousestate.h(29): error C2143: syntax error: missing ';' before '<'
c:\users\s171669\documents\github\ai\ai demo\mousestate.h(29): error C4430: missing type specifier - int assumed. Note: C++ does not support default-int
c:\users\s171669\documents\github\ai\ai demo\mousestate.h(29): error C2238: unexpected token(s) preceding ';'
c:\users\s171669\documents\github\ai\ai demo\mousestate.cpp(13): error C2511: 'void MouseState::connect(std::function<void (void)>)': overloaded member function not found in 'MouseState'
  c:\users\s171669\documents\github\ai\ai demo\mousestate.h(9): note: see declaration of 'MouseState'
c:\users\s171669\documents\github\ai\ai demo\mousestate.cpp(14): error C2065: 'm_event': undeclared identifier
c:\users\s171669\documents\github\ai\ai demo\mousestate.cpp(19): warning C4244: 'argument': conversion from 'int' to 'realNum', possible loss of data
c:\users\s171669\documents\github\ai\ai demo\mousestate.cpp(21): warning C4244: 'argument': conversion from 'int' to 'realNum', possible loss of data
c:\users\s171669\documents\github\ai\ai demo\mousestate.cpp(32): error C3861: 'm_event': identifier not found
c:\users\s171669\documents\github\ai\ai demo\mousestate.cpp(47): error C2065: 'm_event': undeclared identifier
  GetAStarPath.cpp
c:\users\s171669\documents\github\ai\ai demo\getastarpath.cpp(85): warning C4244: 'initializing': conversion from 'float' to 'int', possible loss of data
c:\users\s171669\documents\github\ai\ai demo\getastarpath.cpp(91): warning C4244: 'argument': conversion from 'int' to 'float', possible loss of data
c:\users\s171669\documents\github\ai\ai demo\getastarpath.cpp(92): warning C4244: 'argument': conversion from 'int' to 'float', possible loss of data
c:\users\s171669\documents\github\ai\ai demo\getastarpath.cpp(150): warning C4244: 'initializing': conversion from 'float' to 'int', possible loss of data
c:\users\s171669\documents\github\ai\ai demo\getastarpath.cpp(151): warning C4244: 'initializing': conversion from 'float' to 'int', possible loss of data
  GameStates.cpp
c:\users\s171669\documents\github\ai\ai demo\gamestates.cpp(90): warning C4244: 'argument': conversion from 'realNum' to 'int', possible loss of data
c:\users\s171669\documents\github\ai\ai demo\gamestates.cpp(93): warning C4244: 'argument': conversion from 'realNum' to 'int', possible loss of data
c:\program files (x86)\microsoft visual studio 14.0\vc\include\xmemory0(637): error C2280: 'Button::Button(const Button &)': attempting to reference a deleted function
  c:\users\s171669\documents\github\ai\ai demo\button.h(62): note: compiler has generated 'Button::Button' here
  c:\program files (x86)\microsoft visual studio 14.0\vc\include\xmemory0(755): note: see reference to function template instantiation 'void std::allocator<_Other>::construct<_Objty,_Ty>(_Objty *,_Ty &&)' being compiled
          with
          [
              _Other=std::_List_node<Button,void *>,
              _Objty=Button,
              _Ty=Button
          ]
  c:\program files (x86)\microsoft visual studio 14.0\vc\include\xmemory0(755): note: see reference to function template instantiation 'void std::allocator<_Other>::construct<_Objty,_Ty>(_Objty *,_Ty &&)' being compiled
          with
          [
              _Other=std::_List_node<Button,void *>,
              _Objty=Button,
              _Ty=Button
          ]
  c:\program files (x86)\microsoft visual studio 14.0\vc\include\xmemory0(894): note: see reference to function template instantiation 'void std::allocator_traits<_Alloc>::construct<_Ty,_Ty>(std::allocator<_Other> &,_Objty *,_Ty &&)' being compiled
          with
          [
              _Alloc=std::allocator<std::_List_node<Button,void *>>,
              _Ty=Button,
              _Other=std::_List_node<Button,void *>,
              _Objty=Button
          ]
  c:\program files (x86)\microsoft visual studio 14.0\vc\include\xmemory0(893): note: see reference to function template instantiation 'void std::allocator_traits<_Alloc>::construct<_Ty,_Ty>(std::allocator<_Other> &,_Objty *,_Ty &&)' being compiled
          with
          [
              _Alloc=std::allocator<std::_List_node<Button,void *>>,
              _Ty=Button,
              _Other=std::_List_node<Button,void *>,
              _Objty=Button
          ]
  c:\program files (x86)\microsoft visual studio 14.0\vc\include\list(839): note: see reference to function template instantiation 'void std::_Wrap_alloc<std::allocator<_Other>>::construct<_Ty,_Ty>(_Ty *,_Ty &&)' being compiled
          with
          [
              _Other=std::_List_node<Button,void *>,
              _Ty=Button
          ]
  c:\program files (x86)\microsoft visual studio 14.0\vc\include\list(837): note: see reference to function template instantiation 'void std::_Wrap_alloc<std::allocator<_Other>>::construct<_Ty,_Ty>(_Ty *,_Ty &&)' being compiled
          with
          [
              _Other=std::_List_node<Button,void *>,
              _Ty=Button
          ]
  c:\program files (x86)\microsoft visual studio 14.0\vc\include\list(1067): note: see reference to function template instantiation 'std::_List_node<Button,void *> *std::_List_buy<_Ty,_Alloc>::_Buynode<_Ty>(std::_List_node<Button,void *> *,std::_List_node<Button,void *> *,_Ty &&)' being compiled
          with
          [
              _Ty=Button,
              _Alloc=std::allocator<Button>
          ]
  c:\program files (x86)\microsoft visual studio 14.0\vc\include\list(1066): note: see reference to function template instantiation 'std::_List_node<Button,void *> *std::_List_buy<_Ty,_Alloc>::_Buynode<_Ty>(std::_List_node<Button,void *> *,std::_List_node<Button,void *> *,_Ty &&)' being compiled
          with
          [
              _Ty=Button,
              _Alloc=std::allocator<Button>
          ]
  c:\program files (x86)\microsoft visual studio 14.0\vc\include\list(1028): note: see reference to function template instantiation 'void std::list<Button,std::allocator<_Ty>>::_Insert<_Ty>(std::_List_unchecked_const_iterator<std::_List_val<std::_List_simple_types<_Ty>>,std::_Iterator_base0>,_Ty &&)' being compiled
          with
          [
              _Ty=Button
          ]
  c:\program files (x86)\microsoft visual studio 14.0\vc\include\list(1028): note: see reference to function template instantiation 'void std::list<Button,std::allocator<_Ty>>::_Insert<_Ty>(std::_List_unchecked_const_iterator<std::_List_val<std::_List_simple_types<_Ty>>,std::_Iterator_base0>,_Ty &&)' being compiled
          with
          [
              _Ty=Button
          ]
  c:\program files (x86)\microsoft visual studio 14.0\vc\include\list(1027): note: while compiling class template member function 'void std::list<Button,std::allocator<_Ty>>::push_back(_Ty &&)'
          with
          [
              _Ty=Button
          ]
  c:\users\s171669\documents\github\ai\ai demo\gamestates.cpp(90): note: see reference to function template instantiation 'void std::list<Button,std::allocator<_Ty>>::push_back(_Ty &&)' being compiled
          with
          [
              _Ty=Button
          ]
  c:\users\s171669\documents\github\ai\ai demo\gamestates.h(304): note: see reference to class template instantiation 'std::list<Button,std::allocator<_Ty>>' being compiled
          with
          [
              _Ty=Button
          ]
  Button.cpp
c:\users\s171669\documents\github\ai\ai demo\button.cpp(79): warning C4244: '=': conversion from 'double' to 'int', possible loss of data
c:\users\s171669\documents\github\ai\ai demo\button.cpp(80): warning C4244: '=': conversion from 'double' to 'int', possible loss of data
c:\users\s171669\documents\github\ai\ai demo\button.cpp(88): warning C4244: 'argument': conversion from 'LONG' to 'float', possible loss of data
c:\users\s171669\documents\github\ai\ai demo\button.cpp(95): warning C4244: 'argument': conversion from 'LONG' to 'float', possible loss of data
c:\users\s171669\documents\github\ai\ai demo\button.cpp(102): warning C4244: 'argument': conversion from 'LONG' to 'float', possible loss of data
c:\users\s171669\documents\github\ai\ai demo\button.cpp(109): warning C4244: 'argument': conversion from 'LONG' to 'float', possible loss of data
  Generating Code...
  Compiling...
  RenderToMesh.cpp
  main.cpp
  GameStateManagmeant.cpp
  Factory.cpp
  AI_DEMOApp.cpp
  Generating Code...
