c:\users\callu.desktop-lvuve2b\documents\github\ai\temp\ai demo\release\vc140.pdb
c:\users\callu.desktop-lvuve2b\documents\github\ai\temp\ai demo\release\mousestate.obj
c:\users\callu.desktop-lvuve2b\documents\github\ai\temp\ai demo\release\mapnode.obj
c:\users\callu.desktop-lvuve2b\documents\github\ai\temp\ai demo\release\mapedges.obj
c:\users\callu.desktop-lvuve2b\documents\github\ai\temp\ai demo\release\main.obj
c:\users\callu.desktop-lvuve2b\documents\github\ai\temp\ai demo\release\limitedfood.obj
c:\users\callu.desktop-lvuve2b\documents\github\ai\temp\ai demo\release\information.obj
c:\users\callu.desktop-lvuve2b\documents\github\ai\temp\ai demo\release\infinitefood.obj
c:\users\callu.desktop-lvuve2b\documents\github\ai\temp\ai demo\release\getastarpath.obj
c:\users\callu.desktop-lvuve2b\documents\github\ai\temp\ai demo\release\gatherstate.obj
c:\users\callu.desktop-lvuve2b\documents\github\ai\temp\ai demo\release\gamestates.obj
c:\users\callu.desktop-lvuve2b\documents\github\ai\temp\ai demo\release\gamestatemanagmeant.obj
c:\users\callu.desktop-lvuve2b\documents\github\ai\temp\ai demo\release\food.obj
c:\users\callu.desktop-lvuve2b\documents\github\ai\temp\ai demo\release\factory.obj
c:\users\callu.desktop-lvuve2b\documents\github\ai\temp\ai demo\release\entitystatemachine.obj
c:\users\callu.desktop-lvuve2b\documents\github\ai\temp\ai demo\release\entity.obj
c:\users\callu.desktop-lvuve2b\documents\github\ai\temp\ai demo\release\button.obj
c:\users\callu.desktop-lvuve2b\documents\github\ai\temp\ai demo\release\boidsblackboard.obj
c:\users\callu.desktop-lvuve2b\documents\github\ai\temp\ai demo\release\boids.obj
c:\users\callu.desktop-lvuve2b\documents\github\ai\temp\ai demo\release\attackstate.obj
c:\users\callu.desktop-lvuve2b\documents\github\ai\temp\ai demo\release\ai_demoapp.obj
c:\users\callu.desktop-lvuve2b\documents\github\ai\temp\ai demo\release\villegerutility.obj
c:\users\callu.desktop-lvuve2b\documents\github\ai\temp\ai demo\release\villagerblackboard.obj
c:\users\callu.desktop-lvuve2b\documents\github\ai\temp\ai demo\release\villager.obj
c:\users\callu.desktop-lvuve2b\documents\github\ai\temp\ai demo\release\rendertomesh.obj
c:\users\callu.desktop-lvuve2b\documents\github\ai\temp\ai demo\release\playerunitdecsisiontree.obj
c:\users\callu.desktop-lvuve2b\documents\github\ai\temp\ai demo\release\object.obj
c:\users\callu.desktop-lvuve2b\documents\github\ai\temp\ai demo\release\navmeshnode.obj
c:\users\callu.desktop-lvuve2b\documents\github\ai\temp\ai demo\release\navmanager.obj
c:\users\callu.desktop-lvuve2b\documents\github\ai\temp\ai demo\release\murderstate.obj
c:\users\callu.desktop-lvuve2b\documents\github\ai\temp\ai demo\release\movestate.obj
c:\users\callu.desktop-lvuve2b\documents\github\ai\temp\ai demo\release\ai demo.exe
c:\users\callu.desktop-lvuve2b\documents\github\ai\temp\ai demo\release\ai demo.ipdb
c:\users\callu.desktop-lvuve2b\documents\github\ai\temp\ai demo\release\ai demo.iobj
c:\users\callu.desktop-lvuve2b\documents\github\ai\temp\ai demo\release\ai demo.pdb
c:\users\callu.desktop-lvuve2b\documents\github\ai\temp\ai demo\release\ai demo.tlog\cl.command.1.tlog
c:\users\callu.desktop-lvuve2b\documents\github\ai\temp\ai demo\release\ai demo.tlog\cl.read.1.tlog
c:\users\callu.desktop-lvuve2b\documents\github\ai\temp\ai demo\release\ai demo.tlog\cl.write.1.tlog
c:\users\callu.desktop-lvuve2b\documents\github\ai\temp\ai demo\release\ai demo.tlog\link.command.1.tlog
c:\users\callu.desktop-lvuve2b\documents\github\ai\temp\ai demo\release\ai demo.tlog\link.read.1.tlog
c:\users\callu.desktop-lvuve2b\documents\github\ai\temp\ai demo\release\ai demo.tlog\link.write.1.tlog
