  AI_DEMOApp.cpp
  AttackState.cpp
  Entity.cpp
  EntityStateMachine.cpp
  Factory.cpp
  Food.cpp
  GameStateManagmeant.cpp
  GameStates.cpp
GameStates.cpp(163): warning C4244: 'argument': conversion from 'realNum' to 'int', possible loss of data
GameStates.cpp(168): warning C4244: 'argument': conversion from 'realNum' to 'int', possible loss of data
GameStates.cpp(173): warning C4244: 'argument': conversion from 'realNum' to 'int', possible loss of data
GameStates.cpp(178): warning C4244: 'argument': conversion from 'realNum' to 'int', possible loss of data
  GatherState.cpp
GatherState.cpp(4): warning C4067: unexpected tokens following preprocessor directive - expected a newline
  GetAStarPath.cpp
GetAStarPath.cpp(93): warning C4244: 'initializing': conversion from 'float' to 'int', possible loss of data
GetAStarPath.cpp(99): warning C4244: 'argument': conversion from 'int' to 'float', possible loss of data
GetAStarPath.cpp(100): warning C4244: 'argument': conversion from 'int' to 'float', possible loss of data
GetAStarPath.cpp(224): warning C4244: 'initializing': conversion from 'float' to 'int', possible loss of data
GetAStarPath.cpp(225): warning C4244: 'initializing': conversion from 'float' to 'int', possible loss of data
  MoveState.cpp
  MurderState.cpp
  NavManager.cpp
  NavMeshNode.cpp
  PlayerUnitDecsisionTree.cpp
PlayerUnitDecsisionTree.cpp(8): warning C4067: unexpected tokens following preprocessor directive - expected a newline
  Villager.cpp
Villager.cpp(154): warning C4244: '=': conversion from 'int' to 'float', possible loss of data
Villager.cpp(221): warning C4244: '+=': conversion from 'double' to 'float', possible loss of data
Villager.cpp(231): warning C4244: '+=': conversion from 'double' to 'float', possible loss of data
  VillegerUtility.cpp
VillegerUtility.cpp(67): warning C4244: '=': conversion from 'double' to 'float', possible loss of data
  main.cpp
  Generating code
  0 of 4900 functions ( 0.0%) were compiled, the rest were copied from previous compilation.
    0 functions were new in current compilation
    0 functions had inline decision re-evaluated but remain unchanged
  Finished generating code
MathsLibary.lib(Vector2.obj) : warning LNK4099: PDB 'MathsLibary.pdb' was not found with 'MathsLibary.lib(Vector2.obj)' or at 'C:\Users\s171669\Documents\GitHub\AI\temp\AI DEMO\Release\MathsLibary.pdb'; linking object as if no debug info
MathsLibary.lib(Vector4.obj) : warning LNK4099: PDB 'MathsLibary.pdb' was not found with 'MathsLibary.lib(Vector4.obj)' or at 'C:\Users\s171669\Documents\GitHub\AI\temp\AI DEMO\Release\MathsLibary.pdb'; linking object as if no debug info
MathsLibary.lib(Vector3.obj) : warning LNK4099: PDB 'MathsLibary.pdb' was not found with 'MathsLibary.lib(Vector3.obj)' or at 'C:\Users\s171669\Documents\GitHub\AI\temp\AI DEMO\Release\MathsLibary.pdb'; linking object as if no debug info
  AI DEMO.vcxproj -> C:\Users\s171669\Documents\GitHub\AI\temp\AI DEMO\Release\AI DEMO.exe
