c:\users\s171669\documents\github\aie-datastructures\mathslibary\build\libdebug\mathslibary.pdb
c:\users\s171669\documents\github\aie-datastructures\mathslibary\build\libdebug\mathslibary.idb
c:\users\s171669\documents\github\aie-datastructures\mathslibary\build\libdebug\matrix2.obj
c:\users\s171669\documents\github\aie-datastructures\mathslibary\build\libdebug\matrix3.obj
c:\users\s171669\documents\github\aie-datastructures\mathslibary\build\libdebug\matrix4.obj
c:\users\s171669\documents\github\aie-datastructures\mathslibary\build\libdebug\vector2.obj
c:\users\s171669\documents\github\aie-datastructures\mathslibary\build\libdebug\vector3.obj
c:\users\s171669\documents\github\aie-datastructures\mathslibary\build\libdebug\vector4.obj
c:\users\s171669\documents\github\ai\mathslibary\build\libdebug\mathslibary.pdb
c:\users\s171669\documents\github\ai\mathslibary\build\libdebug\mathslibary.idb
c:\users\s171669\documents\github\ai\mathslibary\build\libdebug\matrix2.obj
c:\users\s171669\documents\github\ai\mathslibary\build\libdebug\matrix3.obj
c:\users\s171669\documents\github\ai\mathslibary\build\libdebug\matrix4.obj
c:\users\s171669\documents\github\ai\mathslibary\build\libdebug\vector2.obj
c:\users\s171669\documents\github\ai\mathslibary\build\libdebug\vector3.obj
c:\users\s171669\documents\github\ai\mathslibary\build\libdebug\vector4.obj
c:\users\s171669\documents\github\aie-datastructures\mathslibary\libs\mathslibary_debug.lib
c:\users\s171669\documents\github\ai\mathslibary\libs\mathslibary_debug.lib
c:\users\s171669\documents\github\ai\mathslibary\build\libdebug\mathslibary.tlog\cl.command.1.tlog
c:\users\s171669\documents\github\ai\mathslibary\build\libdebug\mathslibary.tlog\cl.read.1.tlog
c:\users\s171669\documents\github\ai\mathslibary\build\libdebug\mathslibary.tlog\cl.write.1.tlog
c:\users\s171669\documents\github\ai\mathslibary\build\libdebug\mathslibary.tlog\lib-link.read.1.tlog
c:\users\s171669\documents\github\ai\mathslibary\build\libdebug\mathslibary.tlog\lib-link.write.1.tlog
c:\users\s171669\documents\github\ai\mathslibary\build\libdebug\mathslibary.tlog\lib.command.1.tlog
